Using pre-set license
Built from '2020.3/staging' branch; Version is '2020.3.4f1 (0abb6314276a) revision 703331'; Using compiler version '192528614'; Build Type 'Release'
OS: 'Windows 10 Pro; OS build 19042.985; Version 2009; 64bit' Language: 'en' Physical Memory: 7981 MB
BatchMode: 1, IsHumanControllingUs: 0, StartBugReporterOnCrash: 0, Is64bit: 1, IsPro: 0

 COMMAND LINE ARGUMENTS:
C:\Program Files\Unity\Hub\Editor\2020.3.4f1\Editor\Unity.exe
-adb2
-batchMode
-noUpm
-name
AssetImportWorker0
-projectPath
C:/Users/Burak/Desktop/Desktop/Burak/Games/Fruit Ninja 2D
-logFile
Logs/AssetImportWorker0.log
-srvPort
60580
Successfully changed project path to: C:/Users/Burak/Desktop/Desktop/Burak/Games/Fruit Ninja 2D
C:/Users/Burak/Desktop/Desktop/Burak/Games/Fruit Ninja 2D
Using Asset Import Pipeline V2.
Refreshing native plugins compatible for Editor in 32.07 ms, found 1 plugins.
Preloading 0 native plugins for Editor in 0.00 ms.
Initialize engine version: 2020.3.4f1 (0abb6314276a)
[Subsystems] Discovering subsystems at path C:/Program Files/Unity/Hub/Editor/2020.3.4f1/Editor/Data/Resources/UnitySubsystems
[Subsystems] Discovering subsystems at path C:/Users/Burak/Desktop/Desktop/Burak/Games/Fruit Ninja 2D/Assets
GfxDevice: creating device client; threaded=0
Direct3D:
    Version:  Direct3D 11.0 [level 11.1]
    Renderer: NVIDIA GeForce GTX 1650 Ti (ID=0x1f95)
    Vendor:   
    VRAM:     3962 MB
    Driver:   27.21.14.6627
Initialize mono
Mono path[0] = 'C:/Program Files/Unity/Hub/Editor/2020.3.4f1/Editor/Data/Managed'
Mono path[1] = 'C:/Program Files/Unity/Hub/Editor/2020.3.4f1/Editor/Data/MonoBleedingEdge/lib/mono/unityjit'
Mono config path = 'C:/Program Files/Unity/Hub/Editor/2020.3.4f1/Editor/Data/MonoBleedingEdge/etc'
Using monoOptions --debugger-agent=transport=dt_socket,embedding=1,server=y,suspend=n,address=127.0.0.1:56460
Begin MonoManager ReloadAssembly
Registering precompiled unity dll's ...
Register platform support module: C:/Program Files/Unity/Hub/Editor/2020.3.4f1/Editor/Data/PlaybackEngines/WindowsStandaloneSupport/UnityEditor.WindowsStandalone.Extensions.dll
Registered in 0.001872 seconds.
Native extension for WindowsStandalone target not found
Refreshing native plugins compatible for Editor in 32.94 ms, found 1 plugins.
Preloading 0 native plugins for Editor in 0.00 ms.
Mono: successfully reloaded assembly
- Completed reload, in  0.899 seconds
Platform modules already initialized, skipping
Registering precompiled user dll's ...
Registered in 0.000780 seconds.
Begin MonoManager ReloadAssembly
Native extension for WindowsStandalone target not found
Refreshing native plugins compatible for Editor in 35.41 ms, found 1 plugins.
Preloading 0 native plugins for Editor in 0.00 ms.
Mono: successfully reloaded assembly
- Completed reload, in  0.825 seconds
Platform modules already initialized, skipping
========================================================================
Worker process is ready to serve import requests
Launched and connected shader compiler UnityShaderCompiler.exe after 0.04 seconds
Refreshing native plugins compatible for Editor in 0.32 ms, found 1 plugins.
Preloading 0 native plugins for Editor in 0.00 ms.
Unloading 1811 Unused Serialized files (Serialized files now loaded: 0)
System memory in use before: 84.9 MB.
System memory in use after: 84.8 MB.

Unloading 24 unused Assets to reduce memory usage. Loaded Objects now: 2253.
Total: 2.547600 ms (FindLiveObjects: 0.739800 ms CreateObjectMapping: 0.209200 ms MarkObjects: 1.487400 ms  DeleteObjects: 0.110100 ms)

========================================================================
Received Import Request.
  path: ProjectSettings/TagManager.asset
  artifactKey: Guid(00000000000000003000000000000000) Importer(815301076,1909f56bfc062723c751e8b465ee728b)
Start importing ProjectSettings/TagManager.asset using Guid(00000000000000003000000000000000) Importer(815301076,1909f56bfc062723c751e8b465ee728b)  -> (artifact id: '9b303cefc7dddf06c3dc5b9ee2d067db') in 0.023881 seconds
  Import took 0.026979 seconds .

========================================================================
Received Import Request.
  Time since last request: 39.405923 seconds.
  path: Assets/Scripts/Cut.cs
  artifactKey: Guid(8820e227269f2ce448a3308ab5ca0d20) Importer(815301076,1909f56bfc062723c751e8b465ee728b)
Start importing Assets/Scripts/Cut.cs using Guid(8820e227269f2ce448a3308ab5ca0d20) Importer(815301076,1909f56bfc062723c751e8b465ee728b)  -> (artifact id: 'b73f3940203b1d13c980c93f60dc2bb8') in 0.008580 seconds
  Import took 0.013746 seconds .

========================================================================
Received Prepare
Registering precompiled user dll's ...
Registered in 0.000800 seconds.
Begin MonoManager ReloadAssembly
Native extension for WindowsStandalone target not found
Refreshing native plugins compatible for Editor in 0.32 ms, found 1 plugins.
Preloading 0 native plugins for Editor in 0.00 ms.
Mono: successfully reloaded assembly
- Completed reload, in  0.820 seconds
Platform modules already initialized, skipping
Refreshing native plugins compatible for Editor in 0.37 ms, found 1 plugins.
Preloading 0 native plugins for Editor in 0.00 ms.
Unloading 1807 Unused Serialized files (Serialized files now loaded: 0)
System memory in use before: 84.9 MB.
System memory in use after: 84.9 MB.

Unloading 13 unused Assets to reduce memory usage. Loaded Objects now: 2258.
Total: 2.485300 ms (FindLiveObjects: 0.450000 ms CreateObjectMapping: 0.221000 ms MarkObjects: 1.697600 ms  DeleteObjects: 0.115200 ms)

========================================================================
Received Import Request.
  Time since last request: 9.633862 seconds.
  path: Assets/Prefabs/Cut.prefab
  artifactKey: Guid(479b120a7c1be974b856ff45bafad821) Importer(815301076,1909f56bfc062723c751e8b465ee728b)
Start importing Assets/Prefabs/Cut.prefab using Guid(479b120a7c1be974b856ff45bafad821) Importer(815301076,1909f56bfc062723c751e8b465ee728b)  -> (artifact id: '1645b450799a846f3f98cb16cf6175a0') in 0.023955 seconds
  Import took 0.027290 seconds .

========================================================================
Received Prepare
Registering precompiled user dll's ...
Registered in 0.001097 seconds.
Begin MonoManager ReloadAssembly
Native extension for WindowsStandalone target not found
Refreshing native plugins compatible for Editor in 0.33 ms, found 1 plugins.
Preloading 0 native plugins for Editor in 0.00 ms.
Mono: successfully reloaded assembly
- Completed reload, in  0.844 seconds
Platform modules already initialized, skipping
Refreshing native plugins compatible for Editor in 0.85 ms, found 1 plugins.
Preloading 0 native plugins for Editor in 0.00 ms.
Unloading 1807 Unused Serialized files (Serialized files now loaded: 0)
System memory in use before: 84.9 MB.
System memory in use after: 84.9 MB.

Unloading 12 unused Assets to reduce memory usage. Loaded Objects now: 2262.
Total: 1.850000 ms (FindLiveObjects: 0.260500 ms CreateObjectMapping: 0.096100 ms MarkObjects: 1.401500 ms  DeleteObjects: 0.090600 ms)

========================================================================
Received Prepare
Registering precompiled user dll's ...
Registered in 0.001099 seconds.
Begin MonoManager ReloadAssembly
Native extension for WindowsStandalone target not found
Refreshing native plugins compatible for Editor in 0.35 ms, found 1 plugins.
Preloading 0 native plugins for Editor in 0.00 ms.
Mono: successfully reloaded assembly
- Completed reload, in  0.799 seconds
Platform modules already initialized, skipping
Refreshing native plugins compatible for Editor in 0.33 ms, found 1 plugins.
Preloading 0 native plugins for Editor in 0.00 ms.
Unloading 1807 Unused Serialized files (Serialized files now loaded: 0)
System memory in use before: 84.9 MB.
System memory in use after: 84.9 MB.

Unloading 12 unused Assets to reduce memory usage. Loaded Objects now: 2266.
Total: 1.827600 ms (FindLiveObjects: 0.216800 ms CreateObjectMapping: 0.079700 ms MarkObjects: 1.428200 ms  DeleteObjects: 0.101800 ms)

========================================================================
Received Import Request.
  Time since last request: 73.103163 seconds.
  path: Assets/Prefabs/Fruit.prefab
  artifactKey: Guid(977cb72481c415640b070a02d6320474) Importer(815301076,1909f56bfc062723c751e8b465ee728b)
Start importing Assets/Prefabs/Fruit.prefab using Guid(977cb72481c415640b070a02d6320474) Importer(815301076,1909f56bfc062723c751e8b465ee728b)  -> (artifact id: '093c6889342b49ec6f424c3d7f895aaf') in 0.092328 seconds
  Import took 0.095430 seconds .

========================================================================
Received Import Request.
  Time since last request: 1.874317 seconds.
  path: Assets/Prefabs/Bomb.prefab
  artifactKey: Guid(e9e86dc28cac02342973d322be88ef40) Importer(815301076,1909f56bfc062723c751e8b465ee728b)
Start importing Assets/Prefabs/Bomb.prefab using Guid(e9e86dc28cac02342973d322be88ef40) Importer(815301076,1909f56bfc062723c751e8b465ee728b)  -> (artifact id: 'bfec024520f97ac5c51aec0e55c44aca') in 0.011098 seconds
  Import took 0.014587 seconds .

========================================================================
Received Prepare
Registering precompiled user dll's ...
Registered in 0.001183 seconds.
Begin MonoManager ReloadAssembly
Native extension for WindowsStandalone target not found
Refreshing native plugins compatible for Editor in 0.39 ms, found 1 plugins.
Preloading 0 native plugins for Editor in 0.00 ms.
Mono: successfully reloaded assembly
- Completed reload, in  0.781 seconds
Platform modules already initialized, skipping
Refreshing native plugins compatible for Editor in 0.33 ms, found 1 plugins.
Preloading 0 native plugins for Editor in 0.00 ms.
Unloading 1807 Unused Serialized files (Serialized files now loaded: 0)
System memory in use before: 88.1 MB.
System memory in use after: 88.0 MB.

Unloading 12 unused Assets to reduce memory usage. Loaded Objects now: 2277.
Total: 1.777800 ms (FindLiveObjects: 0.196200 ms CreateObjectMapping: 0.068400 ms MarkObjects: 1.421600 ms  DeleteObjects: 0.090500 ms)

========================================================================
Received Import Request.
  Time since last request: 19.186990 seconds.
  path: Assets/Prefabs/Fruit.prefab
  artifactKey: Guid(977cb72481c415640b070a02d6320474) Importer(815301076,1909f56bfc062723c751e8b465ee728b)
Start importing Assets/Prefabs/Fruit.prefab using Guid(977cb72481c415640b070a02d6320474) Importer(815301076,1909f56bfc062723c751e8b465ee728b)  -> (artifact id: '2b2d392e48814d39fdd5cda7c61ee97c') in 0.063784 seconds
  Import took 0.066856 seconds .

========================================================================
Received Import Request.
  Time since last request: 2.629832 seconds.
  path: Assets/Prefabs/Bomb.prefab
  artifactKey: Guid(e9e86dc28cac02342973d322be88ef40) Importer(815301076,1909f56bfc062723c751e8b465ee728b)
Start importing Assets/Prefabs/Bomb.prefab using Guid(e9e86dc28cac02342973d322be88ef40) Importer(815301076,1909f56bfc062723c751e8b465ee728b)  -> (artifact id: '731c65720d47f4e361aedd46fffca94f') in 0.014476 seconds
  Import took 0.017606 seconds .

========================================================================
Received Prepare
Registering precompiled user dll's ...
Registered in 0.001056 seconds.
Begin MonoManager ReloadAssembly
Native extension for WindowsStandalone target not found
Refreshing native plugins compatible for Editor in 0.54 ms, found 1 plugins.
Preloading 0 native plugins for Editor in 0.00 ms.
Mono: successfully reloaded assembly
- Completed reload, in  0.872 seconds
Platform modules already initialized, skipping
Refreshing native plugins compatible for Editor in 0.34 ms, found 1 plugins.
Preloading 0 native plugins for Editor in 0.00 ms.
Unloading 1808 Unused Serialized files (Serialized files now loaded: 0)
System memory in use before: 88.1 MB.
System memory in use after: 88.1 MB.

Unloading 12 unused Assets to reduce memory usage. Loaded Objects now: 2283.
Total: 2.054900 ms (FindLiveObjects: 0.298400 ms CreateObjectMapping: 0.121900 ms MarkObjects: 1.536800 ms  DeleteObjects: 0.096500 ms)

========================================================================
Received Import Request.
  Time since last request: 110.705234 seconds.
  path: Assets/Scripts/Manager.cs
  artifactKey: Guid(6fe7117b81e13844dbc6c7ea8a06057a) Importer(815301076,1909f56bfc062723c751e8b465ee728b)
Start importing Assets/Scripts/Manager.cs using Guid(6fe7117b81e13844dbc6c7ea8a06057a) Importer(815301076,1909f56bfc062723c751e8b465ee728b)  -> (artifact id: '76026bc74d3a018e0ba7d389571f2160') in 0.007958 seconds
  Import took 0.011691 seconds .

========================================================================
Received Prepare
Registering precompiled user dll's ...
Registered in 0.001167 seconds.
Begin MonoManager ReloadAssembly
Native extension for WindowsStandalone target not found
Refreshing native plugins compatible for Editor in 0.32 ms, found 1 plugins.
Preloading 0 native plugins for Editor in 0.00 ms.
Mono: successfully reloaded assembly
- Completed reload, in  0.789 seconds
Platform modules already initialized, skipping
Refreshing native plugins compatible for Editor in 0.32 ms, found 1 plugins.
Preloading 0 native plugins for Editor in 0.00 ms.
Unloading 1808 Unused Serialized files (Serialized files now loaded: 0)
System memory in use before: 88.1 MB.
System memory in use after: 88.1 MB.

Unloading 12 unused Assets to reduce memory usage. Loaded Objects now: 2287.
Total: 2.241200 ms (FindLiveObjects: 0.181600 ms CreateObjectMapping: 0.077400 ms MarkObjects: 1.773600 ms  DeleteObjects: 0.207000 ms)

========================================================================
Received Prepare
Registering precompiled user dll's ...
Registered in 0.001541 seconds.
Begin MonoManager ReloadAssembly
Native extension for WindowsStandalone target not found
Refreshing native plugins compatible for Editor in 0.32 ms, found 1 plugins.
Preloading 0 native plugins for Editor in 0.00 ms.
Mono: successfully reloaded assembly
- Completed reload, in  0.843 seconds
Platform modules already initialized, skipping
Refreshing native plugins compatible for Editor in 0.38 ms, found 1 plugins.
Preloading 0 native plugins for Editor in 0.00 ms.
Unloading 1808 Unused Serialized files (Serialized files now loaded: 0)
System memory in use before: 88.1 MB.
System memory in use after: 88.1 MB.

Unloading 12 unused Assets to reduce memory usage. Loaded Objects now: 2291.
Total: 3.677100 ms (FindLiveObjects: 0.591400 ms CreateObjectMapping: 0.248800 ms MarkObjects: 2.734700 ms  DeleteObjects: 0.100200 ms)

========================================================================
Received Prepare
Registering precompiled user dll's ...
Registered in 0.000807 seconds.
Begin MonoManager ReloadAssembly
Native extension for WindowsStandalone target not found
Refreshing native plugins compatible for Editor in 0.36 ms, found 1 plugins.
Preloading 0 native plugins for Editor in 0.00 ms.
Mono: successfully reloaded assembly
- Completed reload, in  0.785 seconds
Platform modules already initialized, skipping
Refreshing native plugins compatible for Editor in 0.33 ms, found 1 plugins.
Preloading 0 native plugins for Editor in 0.00 ms.
Unloading 1808 Unused Serialized files (Serialized files now loaded: 0)
System memory in use before: 88.1 MB.
System memory in use after: 88.1 MB.

Unloading 12 unused Assets to reduce memory usage. Loaded Objects now: 2295.
Total: 2.607300 ms (FindLiveObjects: 0.269100 ms CreateObjectMapping: 0.088100 ms MarkObjects: 2.079700 ms  DeleteObjects: 0.167000 ms)

========================================================================
Received Prepare
Registering precompiled user dll's ...
Registered in 0.000768 seconds.
Begin MonoManager ReloadAssembly
Native extension for WindowsStandalone target not found
Refreshing native plugins compatible for Editor in 0.33 ms, found 1 plugins.
Preloading 0 native plugins for Editor in 0.00 ms.
Mono: successfully reloaded assembly
- Completed reload, in  0.748 seconds
Platform modules already initialized, skipping
Refreshing native plugins compatible for Editor in 0.32 ms, found 1 plugins.
Preloading 0 native plugins for Editor in 0.00 ms.
Unloading 1808 Unused Serialized files (Serialized files now loaded: 0)
System memory in use before: 88.1 MB.
System memory in use after: 88.1 MB.

Unloading 12 unused Assets to reduce memory usage. Loaded Objects now: 2299.
Total: 1.832800 ms (FindLiveObjects: 0.215000 ms CreateObjectMapping: 0.078500 ms MarkObjects: 1.437800 ms  DeleteObjects: 0.100600 ms)

========================================================================
Received Import Request.
  Time since last request: 275.865743 seconds.
  path: Assets/Scripts/Cut.cs
  artifactKey: Guid(8820e227269f2ce448a3308ab5ca0d20) Importer(815301076,1909f56bfc062723c751e8b465ee728b)
Start importing Assets/Scripts/Cut.cs using Guid(8820e227269f2ce448a3308ab5ca0d20) Importer(815301076,1909f56bfc062723c751e8b465ee728b)  -> (artifact id: 'a788b3fee87e25a6c6b7cdfb46a1e4bc') in 0.005141 seconds
  Import took 0.010256 seconds .

========================================================================
Received Import Request.
  Time since last request: 1.147465 seconds.
  path: Assets/Prefabs/Cut.prefab
  artifactKey: Guid(479b120a7c1be974b856ff45bafad821) Importer(815301076,1909f56bfc062723c751e8b465ee728b)
Start importing Assets/Prefabs/Cut.prefab using Guid(479b120a7c1be974b856ff45bafad821) Importer(815301076,1909f56bfc062723c751e8b465ee728b)  -> (artifact id: 'c65abe7869804fcbaab071c369a43b2b') in 0.017553 seconds
  Import took 0.028078 seconds .

========================================================================
Received Prepare
Registering precompiled user dll's ...
Registered in 0.000909 seconds.
Begin MonoManager ReloadAssembly
Native extension for WindowsStandalone target not found
Refreshing native plugins compatible for Editor in 0.39 ms, found 1 plugins.
Preloading 0 native plugins for Editor in 0.00 ms.
Mono: successfully reloaded assembly
- Completed reload, in  0.803 seconds
Platform modules already initialized, skipping
Refreshing native plugins compatible for Editor in 0.33 ms, found 1 plugins.
Preloading 0 native plugins for Editor in 0.00 ms.
Unloading 1807 Unused Serialized files (Serialized files now loaded: 0)
System memory in use before: 88.1 MB.
System memory in use after: 88.1 MB.

Unloading 13 unused Assets to reduce memory usage. Loaded Objects now: 2302.
Total: 5.801200 ms (FindLiveObjects: 0.603600 ms CreateObjectMapping: 0.223600 ms MarkObjects: 4.650100 ms  DeleteObjects: 0.320400 ms)

========================================================================
Received Import Request.
  Time since last request: 78.496390 seconds.
  path: Assets/Scripts/Manager.cs
  artifactKey: Guid(6fe7117b81e13844dbc6c7ea8a06057a) Importer(815301076,1909f56bfc062723c751e8b465ee728b)
Start importing Assets/Scripts/Manager.cs using Guid(6fe7117b81e13844dbc6c7ea8a06057a) Importer(815301076,1909f56bfc062723c751e8b465ee728b)  -> (artifact id: 'a9070f8b2cb79132a73670a4fd6ac70f') in 0.015889 seconds
  Import took 0.022550 seconds .

========================================================================
Received Prepare
Registering precompiled user dll's ...
Registered in 0.000775 seconds.
Begin MonoManager ReloadAssembly
Native extension for WindowsStandalone target not found
Refreshing native plugins compatible for Editor in 0.37 ms, found 1 plugins.
Preloading 0 native plugins for Editor in 0.00 ms.
Mono: successfully reloaded assembly
- Completed reload, in  0.820 seconds
Platform modules already initialized, skipping
Refreshing native plugins compatible for Editor in 0.33 ms, found 1 plugins.
Preloading 0 native plugins for Editor in 0.00 ms.
Unloading 1806 Unused Serialized files (Serialized files now loaded: 0)
System memory in use before: 88.1 MB.
System memory in use after: 88.1 MB.

Unloading 13 unused Assets to reduce memory usage. Loaded Objects now: 2305.
Total: 2.192600 ms (FindLiveObjects: 0.342600 ms CreateObjectMapping: 0.094000 ms MarkObjects: 1.653300 ms  DeleteObjects: 0.101100 ms)

========================================================================
Received Prepare
Registering precompiled user dll's ...
Registered in 0.000897 seconds.
Begin MonoManager ReloadAssembly
Native extension for WindowsStandalone target not found
Refreshing native plugins compatible for Editor in 0.32 ms, found 1 plugins.
Preloading 0 native plugins for Editor in 0.00 ms.
Mono: successfully reloaded assembly
- Completed reload, in  0.853 seconds
Platform modules already initialized, skipping
Refreshing native plugins compatible for Editor in 0.33 ms, found 1 plugins.
Preloading 0 native plugins for Editor in 0.00 ms.
Unloading 1806 Unused Serialized files (Serialized files now loaded: 0)
System memory in use before: 88.1 MB.
System memory in use after: 88.1 MB.

Unloading 12 unused Assets to reduce memory usage. Loaded Objects now: 2309.
Total: 3.474500 ms (FindLiveObjects: 0.350000 ms CreateObjectMapping: 0.128700 ms MarkObjects: 2.810900 ms  DeleteObjects: 0.183200 ms)

AssetImportWorkerClient::OnTransportError - code=2 error=End of file
