Using pre-set license
Built from '2020.3/staging' branch; Version is '2020.3.4f1 (0abb6314276a) revision 703331'; Using compiler version '192528614'; Build Type 'Release'
OS: 'Windows 10 Pro; OS build 19042.985; Version 2009; 64bit' Language: 'en' Physical Memory: 7981 MB
BatchMode: 1, IsHumanControllingUs: 0, StartBugReporterOnCrash: 0, Is64bit: 1, IsPro: 0

 COMMAND LINE ARGUMENTS:
C:\Program Files\Unity\Hub\Editor\2020.3.4f1\Editor\Unity.exe
-adb2
-batchMode
-noUpm
-name
AssetImportWorker0
-projectPath
C:/Users/Burak/Desktop/Desktop/Burak/Games/Fruit Ninja 2D
-logFile
Logs/AssetImportWorker0.log
-srvPort
60672
Successfully changed project path to: C:/Users/Burak/Desktop/Desktop/Burak/Games/Fruit Ninja 2D
C:/Users/Burak/Desktop/Desktop/Burak/Games/Fruit Ninja 2D
Using Asset Import Pipeline V2.
Refreshing native plugins compatible for Editor in 57.45 ms, found 1 plugins.
Preloading 0 native plugins for Editor in 0.00 ms.
Initialize engine version: 2020.3.4f1 (0abb6314276a)
[Subsystems] Discovering subsystems at path C:/Program Files/Unity/Hub/Editor/2020.3.4f1/Editor/Data/Resources/UnitySubsystems
[Subsystems] Discovering subsystems at path C:/Users/Burak/Desktop/Desktop/Burak/Games/Fruit Ninja 2D/Assets
GfxDevice: creating device client; threaded=0
Direct3D:
    Version:  Direct3D 11.0 [level 11.1]
    Renderer: NVIDIA GeForce GTX 1650 Ti (ID=0x1f95)
    Vendor:   
    VRAM:     3962 MB
    Driver:   27.21.14.6627
Initialize mono
Mono path[0] = 'C:/Program Files/Unity/Hub/Editor/2020.3.4f1/Editor/Data/Managed'
Mono path[1] = 'C:/Program Files/Unity/Hub/Editor/2020.3.4f1/Editor/Data/MonoBleedingEdge/lib/mono/unityjit'
Mono config path = 'C:/Program Files/Unity/Hub/Editor/2020.3.4f1/Editor/Data/MonoBleedingEdge/etc'
Using monoOptions --debugger-agent=transport=dt_socket,embedding=1,server=y,suspend=n,address=127.0.0.1:56756
Begin MonoManager ReloadAssembly
Registering precompiled unity dll's ...
Register platform support module: C:/Program Files/Unity/Hub/Editor/2020.3.4f1/Editor/Data/PlaybackEngines/WindowsStandaloneSupport/UnityEditor.WindowsStandalone.Extensions.dll
Registered in 0.003748 seconds.
Native extension for WindowsStandalone target not found
Refreshing native plugins compatible for Editor in 39.00 ms, found 1 plugins.
Preloading 0 native plugins for Editor in 0.00 ms.
Mono: successfully reloaded assembly
- Completed reload, in  1.088 seconds
Platform modules already initialized, skipping
Registering precompiled user dll's ...
Registered in 0.002989 seconds.
Begin MonoManager ReloadAssembly
Native extension for WindowsStandalone target not found
Refreshing native plugins compatible for Editor in 44.54 ms, found 1 plugins.
Preloading 0 native plugins for Editor in 0.00 ms.
Mono: successfully reloaded assembly
- Completed reload, in  1.047 seconds
Platform modules already initialized, skipping
========================================================================
Worker process is ready to serve import requests
Launched and connected shader compiler UnityShaderCompiler.exe after 0.04 seconds
Refreshing native plugins compatible for Editor in 0.34 ms, found 1 plugins.
Preloading 0 native plugins for Editor in 0.00 ms.
Unloading 1812 Unused Serialized files (Serialized files now loaded: 0)
System memory in use before: 85.0 MB.
System memory in use after: 84.9 MB.

Unloading 24 unused Assets to reduce memory usage. Loaded Objects now: 2255.
Total: 2.973200 ms (FindLiveObjects: 1.047800 ms CreateObjectMapping: 0.156900 ms MarkObjects: 1.634100 ms  DeleteObjects: 0.132900 ms)

========================================================================
Received Import Request.
  path: Assets/Prefabs/Cut.prefab
  artifactKey: Guid(479b120a7c1be974b856ff45bafad821) Importer(815301076,1909f56bfc062723c751e8b465ee728b)
Start importing Assets/Prefabs/Cut.prefab using Guid(479b120a7c1be974b856ff45bafad821) Importer(815301076,1909f56bfc062723c751e8b465ee728b)  -> (artifact id: '4ce840d75af282b17220c83aa75c2311') in 0.042660 seconds
  Import took 0.047812 seconds .

========================================================================
Received Prepare
Registering precompiled user dll's ...
Registered in 0.001486 seconds.
Begin MonoManager ReloadAssembly
Native extension for WindowsStandalone target not found
Refreshing native plugins compatible for Editor in 0.52 ms, found 1 plugins.
Preloading 0 native plugins for Editor in 0.00 ms.
Mono: successfully reloaded assembly
- Completed reload, in  0.869 seconds
Platform modules already initialized, skipping
Refreshing native plugins compatible for Editor in 0.33 ms, found 1 plugins.
Preloading 0 native plugins for Editor in 0.00 ms.
Unloading 1807 Unused Serialized files (Serialized files now loaded: 0)
System memory in use before: 84.9 MB.
System memory in use after: 84.9 MB.

Unloading 12 unused Assets to reduce memory usage. Loaded Objects now: 2259.
Total: 3.627400 ms (FindLiveObjects: 0.296400 ms CreateObjectMapping: 0.101100 ms MarkObjects: 3.091300 ms  DeleteObjects: 0.137100 ms)

========================================================================
Received Import Request.
  Time since last request: 59.683542 seconds.
  path: Assets/Prefabs/Bomb.prefab
  artifactKey: Guid(e9e86dc28cac02342973d322be88ef40) Importer(815301076,1909f56bfc062723c751e8b465ee728b)
Start importing Assets/Prefabs/Bomb.prefab using Guid(e9e86dc28cac02342973d322be88ef40) Importer(815301076,1909f56bfc062723c751e8b465ee728b)  -> (artifact id: 'bfec024520f97ac5c51aec0e55c44aca') in 0.094360 seconds
  Import took 0.098146 seconds .

========================================================================
Received Import Request.
  Time since last request: 0.000183 seconds.
  path: Assets/Prefabs/Fruit.prefab
  artifactKey: Guid(977cb72481c415640b070a02d6320474) Importer(815301076,1909f56bfc062723c751e8b465ee728b)
Start importing Assets/Prefabs/Fruit.prefab using Guid(977cb72481c415640b070a02d6320474) Importer(815301076,1909f56bfc062723c751e8b465ee728b)  -> (artifact id: '093c6889342b49ec6f424c3d7f895aaf') in 0.026225 seconds
  Import took 0.031006 seconds .

========================================================================
Received Import Request.
  Time since last request: 11.736717 seconds.
  path: Assets/Prefabs/Bomb.prefab
  artifactKey: Guid(e9e86dc28cac02342973d322be88ef40) Importer(815301076,1909f56bfc062723c751e8b465ee728b)
Start importing Assets/Prefabs/Bomb.prefab using Guid(e9e86dc28cac02342973d322be88ef40) Importer(815301076,1909f56bfc062723c751e8b465ee728b)  -> (artifact id: '731c65720d47f4e361aedd46fffca94f') in 0.015721 seconds
  Import took 0.019638 seconds .

========================================================================
Received Import Request.
  Time since last request: 0.006666 seconds.
  path: Assets/Prefabs/Bomb.prefab
  artifactKey: Guid(e9e86dc28cac02342973d322be88ef40) Importer(815301076,1909f56bfc062723c751e8b465ee728b)
Start importing Assets/Prefabs/Bomb.prefab using Guid(e9e86dc28cac02342973d322be88ef40) Importer(815301076,1909f56bfc062723c751e8b465ee728b)  -> (artifact id: '731c65720d47f4e361aedd46fffca94f') in 0.014762 seconds
  Import took 0.018243 seconds .

========================================================================
Received Import Request.
  Time since last request: 2.743906 seconds.
  path: Assets/Prefabs/Fruit.prefab
  artifactKey: Guid(977cb72481c415640b070a02d6320474) Importer(815301076,1909f56bfc062723c751e8b465ee728b)
Start importing Assets/Prefabs/Fruit.prefab using Guid(977cb72481c415640b070a02d6320474) Importer(815301076,1909f56bfc062723c751e8b465ee728b)  -> (artifact id: '2b2d392e48814d39fdd5cda7c61ee97c') in 0.018738 seconds
  Import took 0.023369 seconds .

========================================================================
Received Import Request.
  Time since last request: 0.006651 seconds.
  path: Assets/Prefabs/Fruit.prefab
  artifactKey: Guid(977cb72481c415640b070a02d6320474) Importer(815301076,1909f56bfc062723c751e8b465ee728b)
Start importing Assets/Prefabs/Fruit.prefab using Guid(977cb72481c415640b070a02d6320474) Importer(815301076,1909f56bfc062723c751e8b465ee728b)  -> (artifact id: '2b2d392e48814d39fdd5cda7c61ee97c') in 0.030524 seconds
  Import took 0.035357 seconds .

========================================================================
Received Prepare
Registering precompiled user dll's ...
Registered in 0.001492 seconds.
Begin MonoManager ReloadAssembly
Native extension for WindowsStandalone target not found
Refreshing native plugins compatible for Editor in 0.33 ms, found 1 plugins.
Preloading 0 native plugins for Editor in 0.00 ms.
Mono: successfully reloaded assembly
- Completed reload, in  0.898 seconds
Platform modules already initialized, skipping
Refreshing native plugins compatible for Editor in 0.39 ms, found 1 plugins.
Preloading 0 native plugins for Editor in 0.00 ms.
Unloading 1807 Unused Serialized files (Serialized files now loaded: 0)
System memory in use before: 88.1 MB.
System memory in use after: 88.0 MB.

Unloading 12 unused Assets to reduce memory usage. Loaded Objects now: 2270.
Total: 1.962100 ms (FindLiveObjects: 0.255500 ms CreateObjectMapping: 0.094500 ms MarkObjects: 1.520900 ms  DeleteObjects: 0.090300 ms)

========================================================================
Received Import Request.
  Time since last request: 114.350190 seconds.
  path: Assets/Scripts/Manager.cs
  artifactKey: Guid(15987fb47f7c3da469672a8e2d158baf) Importer(815301076,1909f56bfc062723c751e8b465ee728b)
Start importing Assets/Scripts/Manager.cs using Guid(15987fb47f7c3da469672a8e2d158baf) Importer(815301076,1909f56bfc062723c751e8b465ee728b)  -> (artifact id: '7dedf0619a66e5185791b4e0557a15d0') in 0.009794 seconds
  Import took 0.013366 seconds .

========================================================================
Received Prepare
Registering precompiled user dll's ...
Registered in 0.001947 seconds.
Begin MonoManager ReloadAssembly
Native extension for WindowsStandalone target not found
Refreshing native plugins compatible for Editor in 0.55 ms, found 1 plugins.
Preloading 0 native plugins for Editor in 0.00 ms.
Mono: successfully reloaded assembly
- Completed reload, in  0.892 seconds
Platform modules already initialized, skipping
Refreshing native plugins compatible for Editor in 0.35 ms, found 1 plugins.
Preloading 0 native plugins for Editor in 0.00 ms.
Unloading 1808 Unused Serialized files (Serialized files now loaded: 0)
System memory in use before: 88.1 MB.
System memory in use after: 88.1 MB.

Unloading 12 unused Assets to reduce memory usage. Loaded Objects now: 2275.
Total: 2.253800 ms (FindLiveObjects: 0.290400 ms CreateObjectMapping: 0.106300 ms MarkObjects: 1.759700 ms  DeleteObjects: 0.095800 ms)

========================================================================
Received Prepare
Registering precompiled user dll's ...
Registered in 0.000865 seconds.
Begin MonoManager ReloadAssembly
Native extension for WindowsStandalone target not found
Refreshing native plugins compatible for Editor in 0.35 ms, found 1 plugins.
Preloading 0 native plugins for Editor in 0.00 ms.
Mono: successfully reloaded assembly
- Completed reload, in  0.899 seconds
Platform modules already initialized, skipping
Refreshing native plugins compatible for Editor in 0.33 ms, found 1 plugins.
Preloading 0 native plugins for Editor in 0.00 ms.
Unloading 1808 Unused Serialized files (Serialized files now loaded: 0)
System memory in use before: 88.1 MB.
System memory in use after: 88.1 MB.

Unloading 12 unused Assets to reduce memory usage. Loaded Objects now: 2279.
Total: 4.501100 ms (FindLiveObjects: 0.474700 ms CreateObjectMapping: 0.187300 ms MarkObjects: 3.725200 ms  DeleteObjects: 0.111300 ms)

========================================================================
Received Prepare
Registering precompiled user dll's ...
Registered in 0.004026 seconds.
Begin MonoManager ReloadAssembly
Native extension for WindowsStandalone target not found
Refreshing native plugins compatible for Editor in 0.36 ms, found 1 plugins.
Preloading 0 native plugins for Editor in 0.00 ms.
Mono: successfully reloaded assembly
- Completed reload, in  1.474 seconds
Platform modules already initialized, skipping
Refreshing native plugins compatible for Editor in 0.55 ms, found 1 plugins.
Preloading 0 native plugins for Editor in 0.00 ms.
Unloading 1808 Unused Serialized files (Serialized files now loaded: 0)
System memory in use before: 88.2 MB.
System memory in use after: 88.1 MB.

Unloading 12 unused Assets to reduce memory usage. Loaded Objects now: 2283.
Total: 1.894300 ms (FindLiveObjects: 0.244800 ms CreateObjectMapping: 0.081500 ms MarkObjects: 1.470400 ms  DeleteObjects: 0.096200 ms)

========================================================================
Received Prepare
Registering precompiled user dll's ...
Registered in 0.001488 seconds.
Begin MonoManager ReloadAssembly
Native extension for WindowsStandalone target not found
Refreshing native plugins compatible for Editor in 2.92 ms, found 1 plugins.
Preloading 0 native plugins for Editor in 0.00 ms.
Mono: successfully reloaded assembly
- Completed reload, in  0.996 seconds
Platform modules already initialized, skipping
Refreshing native plugins compatible for Editor in 0.39 ms, found 1 plugins.
Preloading 0 native plugins for Editor in 0.00 ms.
Unloading 1808 Unused Serialized files (Serialized files now loaded: 0)
System memory in use before: 88.2 MB.
System memory in use after: 88.1 MB.

Unloading 12 unused Assets to reduce memory usage. Loaded Objects now: 2287.
Total: 1.857000 ms (FindLiveObjects: 0.189200 ms CreateObjectMapping: 0.058900 ms MarkObjects: 1.501400 ms  DeleteObjects: 0.106200 ms)

========================================================================
Received Prepare
Registering precompiled user dll's ...
Registered in 0.000862 seconds.
Begin MonoManager ReloadAssembly
Native extension for WindowsStandalone target not found
Refreshing native plugins compatible for Editor in 0.56 ms, found 1 plugins.
Preloading 0 native plugins for Editor in 0.00 ms.
Mono: successfully reloaded assembly
- Completed reload, in  0.883 seconds
Platform modules already initialized, skipping
Refreshing native plugins compatible for Editor in 0.35 ms, found 1 plugins.
Preloading 0 native plugins for Editor in 0.00 ms.
Unloading 1808 Unused Serialized files (Serialized files now loaded: 0)
System memory in use before: 88.2 MB.
System memory in use after: 88.2 MB.

Unloading 12 unused Assets to reduce memory usage. Loaded Objects now: 2291.
Total: 3.740800 ms (FindLiveObjects: 0.823600 ms CreateObjectMapping: 0.128600 ms MarkObjects: 2.509200 ms  DeleteObjects: 0.276500 ms)

========================================================================
Received Prepare
Registering precompiled user dll's ...
Registered in 0.001798 seconds.
Begin MonoManager ReloadAssembly
Native extension for WindowsStandalone target not found
Refreshing native plugins compatible for Editor in 0.36 ms, found 1 plugins.
Preloading 0 native plugins for Editor in 0.00 ms.
Mono: successfully reloaded assembly
- Completed reload, in  0.848 seconds
Platform modules already initialized, skipping
Refreshing native plugins compatible for Editor in 0.33 ms, found 1 plugins.
Preloading 0 native plugins for Editor in 0.00 ms.
Unloading 1808 Unused Serialized files (Serialized files now loaded: 0)
System memory in use before: 88.2 MB.
System memory in use after: 88.2 MB.

Unloading 12 unused Assets to reduce memory usage. Loaded Objects now: 2295.
Total: 1.902300 ms (FindLiveObjects: 0.272400 ms CreateObjectMapping: 0.090100 ms MarkObjects: 1.442500 ms  DeleteObjects: 0.096100 ms)

AssetImportWorkerClient::OnTransportError - code=2 error=End of file
